{"obj": {"type": "AssignString", "path": ["sys", "name"], "value": "Untitled"}, "version": 1}
{"obj": {"type": "AssignString", "path": ["sys", "description"], "value": ""}, "version": 2}
{"obj": {"type": "AssignString", "path": ["sys", "hostname"], "value": "Nileshs-MacBook-Air.local"}, "version": 3}
{"obj": {"type": "AssignBool", "path": ["sys", "failed"], "value": false}, "version": 4}
{"obj": {"type": "ClearStringLog", "path": ["monitoring", "stdout"]}, "version": 5}
{"obj": {"type": "ClearStringLog", "path": ["monitoring", "stderr"]}, "version": 6}
{"obj": {"type": "LogStrings", "path": ["monitoring", "stderr"], "values": [{"value": "Info (NVML): NVML Shared Library Not Found. GPU usage metrics may not be reported. For more information, see https://docs.neptune.ai/you-should-know/what-can-you-log-and-display#hardware-consumption\n", "step": null, "ts": 1656757310.230838}]}, "version": 7}
{"obj": {"type": "ConfigFloatSeries", "path": ["monitoring", "cpu"], "min": 0.0, "max": 100.0, "unit": "%"}, "version": 8}
{"obj": {"type": "ClearFloatLog", "path": ["monitoring", "cpu"]}, "version": 9}
{"obj": {"type": "ConfigFloatSeries", "path": ["monitoring", "memory"], "min": 0.0, "max": 16.0, "unit": "GB"}, "version": 10}
{"obj": {"type": "ClearFloatLog", "path": ["monitoring", "memory"]}, "version": 11}
{"obj": {"type": "LogFloats", "path": ["monitoring", "cpu"], "values": [{"value": 11.9, "step": null, "ts": 1656757310.2372448}]}, "version": 12}
{"obj": {"type": "LogFloats", "path": ["monitoring", "memory"], "values": [{"value": 11.405349731445312, "step": null, "ts": 1656757310.2372448}]}, "version": 13}
{"obj": {"type": "LogStrings", "path": ["monitoring", "stdout"], "values": [{"value": "Remember to stop your run once you\u2019ve finished logging your metadata (https://docs.neptune.ai/api-reference/run#.stop). It will be stopped automatically only when the notebook kernel/interactive console is terminated.\n", "step": null, "ts": 1656757310.244499}]}, "version": 14}
{"obj": {"type": "LogStrings", "path": ["monitoring", "stdout"], "values": [{"value": "Epoch:", "step": null, "ts": 1656757319.656448}]}, "version": 15}
{"obj": {"type": "LogStrings", "path": ["monitoring", "stdout"], "values": [{"value": " ", "step": null, "ts": 1656757319.657231}]}, "version": 16}
{"obj": {"type": "LogStrings", "path": ["monitoring", "stdout"], "values": [{"value": "1", "step": null, "ts": 1656757319.657384}]}, "version": 17}
{"obj": {"type": "LogStrings", "path": ["monitoring", "stdout"], "values": [{"value": "\n", "step": null, "ts": 1656757319.6574879}]}, "version": 18}
{"obj": {"type": "LogStrings", "path": ["monitoring", "stderr"], "values": [{"value": "\rTraining:   0%|                                                                                | 0/1000 [00:00<?, ?it/s]", "step": null, "ts": 1656757319.680287}]}, "version": 19}
{"obj": {"type": "LogStrings", "path": ["monitoring", "stderr"], "values": [{"value": "", "step": null, "ts": 1656757319.7263842}]}, "version": 20}
{"obj": {"type": "LogStrings", "path": ["monitoring", "stderr"], "values": [{"value": "\rTraining:   0%|                                                                                | 0/1000 [00:00<?, ?it/s]", "step": null, "ts": 1656757319.726769}]}, "version": 21}
{"obj": {"type": "LogStrings", "path": ["monitoring", "stderr"], "values": [{"value": "\n", "step": null, "ts": 1656757319.727125}]}, "version": 22}
{"obj": {"type": "LogFloats", "path": ["monitoring", "cpu"], "values": [{"value": 10.4, "step": null, "ts": 1656757320.245579}]}, "version": 23}
{"obj": {"type": "LogFloats", "path": ["monitoring", "memory"], "values": [{"value": 11.48492431640625, "step": null, "ts": 1656757320.245579}]}, "version": 24}
{"obj": {"type": "LogFloats", "path": ["monitoring", "cpu"], "values": [{"value": 11.1, "step": null, "ts": 1656757330.2474408}]}, "version": 25}
{"obj": {"type": "LogFloats", "path": ["monitoring", "memory"], "values": [{"value": 11.426803588867188, "step": null, "ts": 1656757330.2474408}]}, "version": 26}
{"obj": {"type": "LogFloats", "path": ["monitoring", "cpu"], "values": [{"value": 12.0, "step": null, "ts": 1656757340.252906}]}, "version": 27}
{"obj": {"type": "LogFloats", "path": ["monitoring", "memory"], "values": [{"value": 11.466842651367188, "step": null, "ts": 1656757340.252906}]}, "version": 28}
{"obj": {"type": "LogFloats", "path": ["monitoring", "cpu"], "values": [{"value": 12.0, "step": null, "ts": 1656757350.2553291}]}, "version": 29}
{"obj": {"type": "LogFloats", "path": ["monitoring", "memory"], "values": [{"value": 11.302215576171875, "step": null, "ts": 1656757350.2553291}]}, "version": 30}
{"obj": {"type": "LogFloats", "path": ["monitoring", "cpu"], "values": [{"value": 11.0, "step": null, "ts": 1656757360.258199}]}, "version": 31}
{"obj": {"type": "LogFloats", "path": ["monitoring", "memory"], "values": [{"value": 11.199615478515625, "step": null, "ts": 1656757360.258199}]}, "version": 32}
{"obj": {"type": "LogFloats", "path": ["monitoring", "cpu"], "values": [{"value": 13.7, "step": null, "ts": 1656757370.261395}]}, "version": 33}
{"obj": {"type": "LogFloats", "path": ["monitoring", "memory"], "values": [{"value": 11.265045166015625, "step": null, "ts": 1656757370.261395}]}, "version": 34}
{"obj": {"type": "LogFloats", "path": ["monitoring", "cpu"], "values": [{"value": 12.4, "step": null, "ts": 1656757380.26662}]}, "version": 35}
{"obj": {"type": "LogFloats", "path": ["monitoring", "memory"], "values": [{"value": 11.281219482421875, "step": null, "ts": 1656757380.26662}]}, "version": 36}
{"obj": {"type": "LogFloats", "path": ["monitoring", "cpu"], "values": [{"value": 13.4, "step": null, "ts": 1656757390.269918}]}, "version": 37}
{"obj": {"type": "LogFloats", "path": ["monitoring", "memory"], "values": [{"value": 11.246414184570312, "step": null, "ts": 1656757390.269918}]}, "version": 38}
{"obj": {"type": "LogFloats", "path": ["monitoring", "cpu"], "values": [{"value": 10.5, "step": null, "ts": 1656757400.275799}]}, "version": 39}
{"obj": {"type": "LogFloats", "path": ["monitoring", "memory"], "values": [{"value": 11.22271728515625, "step": null, "ts": 1656757400.275799}]}, "version": 40}
{"obj": {"type": "LogFloats", "path": ["monitoring", "cpu"], "values": [{"value": 11.2, "step": null, "ts": 1656757410.279945}]}, "version": 41}
{"obj": {"type": "LogFloats", "path": ["monitoring", "memory"], "values": [{"value": 11.25665283203125, "step": null, "ts": 1656757410.279945}]}, "version": 42}
{"obj": {"type": "LogFloats", "path": ["monitoring", "cpu"], "values": [{"value": 10.7, "step": null, "ts": 1656757420.2864692}]}, "version": 43}
{"obj": {"type": "LogFloats", "path": ["monitoring", "memory"], "values": [{"value": 11.241470336914062, "step": null, "ts": 1656757420.2864692}]}, "version": 44}
{"obj": {"type": "LogFloats", "path": ["monitoring", "cpu"], "values": [{"value": 12.4, "step": null, "ts": 1656757430.292553}]}, "version": 45}
{"obj": {"type": "LogFloats", "path": ["monitoring", "memory"], "values": [{"value": 11.241226196289062, "step": null, "ts": 1656757430.292553}]}, "version": 46}
{"obj": {"type": "LogFloats", "path": ["monitoring", "cpu"], "values": [{"value": 14.2, "step": null, "ts": 1656757440.2987342}]}, "version": 47}
{"obj": {"type": "LogFloats", "path": ["monitoring", "memory"], "values": [{"value": 11.278488159179688, "step": null, "ts": 1656757440.2987342}]}, "version": 48}
{"obj": {"type": "LogStrings", "path": ["monitoring", "stdout"], "values": [{"value": "Epoch:", "step": null, "ts": 1656757446.61313}]}, "version": 49}
{"obj": {"type": "LogStrings", "path": ["monitoring", "stdout"], "values": [{"value": " ", "step": null, "ts": 1656757446.613834}]}, "version": 50}
{"obj": {"type": "LogStrings", "path": ["monitoring", "stdout"], "values": [{"value": "1", "step": null, "ts": 1656757446.614054}]}, "version": 51}
{"obj": {"type": "LogStrings", "path": ["monitoring", "stdout"], "values": [{"value": "\n", "step": null, "ts": 1656757446.6142762}]}, "version": 52}
{"obj": {"type": "LogStrings", "path": ["monitoring", "stderr"], "values": [{"value": "\rTraining:   0%|                                                                                | 0/1000 [00:00<?, ?it/s]", "step": null, "ts": 1656757446.61589}]}, "version": 53}
{"obj": {"type": "LogStrings", "path": ["monitoring", "stderr"], "values": [{"value": "", "step": null, "ts": 1656757446.626231}]}, "version": 54}
{"obj": {"type": "LogStrings", "path": ["monitoring", "stderr"], "values": [{"value": "\rTraining:   0%|                                                                                | 0/1000 [00:00<?, ?it/s]", "step": null, "ts": 1656757446.62694}]}, "version": 55}
{"obj": {"type": "LogStrings", "path": ["monitoring", "stderr"], "values": [{"value": "\n", "step": null, "ts": 1656757446.627611}]}, "version": 56}
{"obj": {"type": "LogFloats", "path": ["monitoring", "cpu"], "values": [{"value": 12.2, "step": null, "ts": 1656757450.305265}]}, "version": 57}
{"obj": {"type": "LogFloats", "path": ["monitoring", "memory"], "values": [{"value": 11.290542602539062, "step": null, "ts": 1656757450.305265}]}, "version": 58}
{"obj": {"type": "LogFloats", "path": ["monitoring", "cpu"], "values": [{"value": 9.8, "step": null, "ts": 1656757460.306886}]}, "version": 59}
{"obj": {"type": "LogFloats", "path": ["monitoring", "memory"], "values": [{"value": 11.275405883789062, "step": null, "ts": 1656757460.306886}]}, "version": 60}
{"obj": {"type": "LogFloats", "path": ["monitoring", "cpu"], "values": [{"value": 11.3, "step": null, "ts": 1656757470.313411}]}, "version": 61}
{"obj": {"type": "LogFloats", "path": ["monitoring", "memory"], "values": [{"value": 11.29254150390625, "step": null, "ts": 1656757470.313411}]}, "version": 62}
{"obj": {"type": "LogStrings", "path": ["monitoring", "stdout"], "values": [{"value": "Epoch:", "step": null, "ts": 1656757471.1641998}]}, "version": 63}
{"obj": {"type": "LogStrings", "path": ["monitoring", "stdout"], "values": [{"value": " ", "step": null, "ts": 1656757471.165313}]}, "version": 64}
{"obj": {"type": "LogStrings", "path": ["monitoring", "stdout"], "values": [{"value": "1", "step": null, "ts": 1656757471.165756}]}, "version": 65}
{"obj": {"type": "LogStrings", "path": ["monitoring", "stdout"], "values": [{"value": "\n", "step": null, "ts": 1656757471.1659908}]}, "version": 66}
{"obj": {"type": "LogStrings", "path": ["monitoring", "stderr"], "values": [{"value": "\rTraining:   0%|                                                                                | 0/1000 [00:00<?, ?it/s]", "step": null, "ts": 1656757471.168464}]}, "version": 67}
{"obj": {"type": "LogStrings", "path": ["monitoring", "stderr"], "values": [{"value": "", "step": null, "ts": 1656757471.177608}]}, "version": 68}
{"obj": {"type": "LogStrings", "path": ["monitoring", "stderr"], "values": [{"value": "\rTraining:   0%|                                                                                | 0/1000 [00:00<?, ?it/s]", "step": null, "ts": 1656757471.1783109}]}, "version": 69}
{"obj": {"type": "LogStrings", "path": ["monitoring", "stderr"], "values": [{"value": "\n", "step": null, "ts": 1656757471.178987}]}, "version": 70}
{"obj": {"type": "LogFloats", "path": ["monitoring", "cpu"], "values": [{"value": 9.9, "step": null, "ts": 1656757480.318866}]}, "version": 71}
{"obj": {"type": "LogFloats", "path": ["monitoring", "memory"], "values": [{"value": 11.270309448242188, "step": null, "ts": 1656757480.318866}]}, "version": 72}
{"obj": {"type": "LogFloats", "path": ["monitoring", "cpu"], "values": [{"value": 11.3, "step": null, "ts": 1656757490.3212512}]}, "version": 73}
{"obj": {"type": "LogFloats", "path": ["monitoring", "memory"], "values": [{"value": 11.294769287109375, "step": null, "ts": 1656757490.3212512}]}, "version": 74}
{"obj": {"type": "LogFloats", "path": ["monitoring", "cpu"], "values": [{"value": 13.2, "step": null, "ts": 1656757500.3273752}]}, "version": 75}
{"obj": {"type": "LogFloats", "path": ["monitoring", "memory"], "values": [{"value": 11.296783447265625, "step": null, "ts": 1656757500.3273752}]}, "version": 76}
{"obj": {"type": "LogFloats", "path": ["monitoring", "cpu"], "values": [{"value": 12.0, "step": null, "ts": 1656757510.333673}]}, "version": 77}
{"obj": {"type": "LogFloats", "path": ["monitoring", "memory"], "values": [{"value": 11.303146362304688, "step": null, "ts": 1656757510.333673}]}, "version": 78}
{"obj": {"type": "LogFloats", "path": ["monitoring", "cpu"], "values": [{"value": 10.6, "step": null, "ts": 1656757520.335208}]}, "version": 79}
{"obj": {"type": "LogFloats", "path": ["monitoring", "memory"], "values": [{"value": 11.258636474609375, "step": null, "ts": 1656757520.335208}]}, "version": 80}
{"obj": {"type": "LogFloats", "path": ["monitoring", "cpu"], "values": [{"value": 20.1, "step": null, "ts": 1656757530.3382962}]}, "version": 81}
{"obj": {"type": "LogFloats", "path": ["monitoring", "memory"], "values": [{"value": 11.283248901367188, "step": null, "ts": 1656757530.3382962}]}, "version": 82}
{"obj": {"type": "LogFloats", "path": ["monitoring", "cpu"], "values": [{"value": 11.2, "step": null, "ts": 1656757540.3446279}]}, "version": 83}
{"obj": {"type": "LogFloats", "path": ["monitoring", "memory"], "values": [{"value": 11.297210693359375, "step": null, "ts": 1656757540.3446279}]}, "version": 84}
{"obj": {"type": "LogFloats", "path": ["monitoring", "cpu"], "values": [{"value": 8.5, "step": null, "ts": 1656757550.3512151}]}, "version": 85}
{"obj": {"type": "LogFloats", "path": ["monitoring", "memory"], "values": [{"value": 11.259902954101562, "step": null, "ts": 1656757550.3512151}]}, "version": 86}
{"obj": {"type": "LogFloats", "path": ["monitoring", "cpu"], "values": [{"value": 11.8, "step": null, "ts": 1656757560.3554509}]}, "version": 87}
{"obj": {"type": "LogFloats", "path": ["monitoring", "memory"], "values": [{"value": 11.303070068359375, "step": null, "ts": 1656757560.3554509}]}, "version": 88}
{"obj": {"type": "LogStrings", "path": ["monitoring", "stdout"], "values": [{"value": "[Errno 2] No such file or directory: 'source/'", "step": null, "ts": 1656757562.371399}]}, "version": 89}
{"obj": {"type": "LogStrings", "path": ["monitoring", "stdout"], "values": [{"value": "\n", "step": null, "ts": 1656757562.371813}]}, "version": 90}
{"obj": {"type": "LogStrings", "path": ["monitoring", "stdout"], "values": [{"value": "/Users/nielspace/Documents/Deep Learning/ViT/source", "step": null, "ts": 1656757562.371927}]}, "version": 91}
{"obj": {"type": "LogStrings", "path": ["monitoring", "stdout"], "values": [{"value": "\n", "step": null, "ts": 1656757562.372019}]}, "version": 92}
{"obj": {"type": "LogFloats", "path": ["monitoring", "cpu"], "values": [{"value": 10.1, "step": null, "ts": 1656757570.358619}]}, "version": 93}
{"obj": {"type": "LogFloats", "path": ["monitoring", "memory"], "values": [{"value": 11.296127319335938, "step": null, "ts": 1656757570.358619}]}, "version": 94}
{"obj": {"type": "LogFloats", "path": ["monitoring", "cpu"], "values": [{"value": 10.0, "step": null, "ts": 1656757580.36368}]}, "version": 95}
{"obj": {"type": "LogFloats", "path": ["monitoring", "memory"], "values": [{"value": 11.324203491210938, "step": null, "ts": 1656757580.36368}]}, "version": 96}
{"obj": {"type": "LogFloats", "path": ["monitoring", "cpu"], "values": [{"value": 13.2, "step": null, "ts": 1656757590.365055}]}, "version": 97}
{"obj": {"type": "LogFloats", "path": ["monitoring", "memory"], "values": [{"value": 11.287216186523438, "step": null, "ts": 1656757590.365055}]}, "version": 98}
{"obj": {"type": "LogFloats", "path": ["monitoring", "cpu"], "values": [{"value": 10.7, "step": null, "ts": 1656757600.371507}]}, "version": 99}
{"obj": {"type": "LogFloats", "path": ["monitoring", "memory"], "values": [{"value": 11.285873413085938, "step": null, "ts": 1656757600.371507}]}, "version": 100}
{"obj": {"type": "LogFloats", "path": ["monitoring", "cpu"], "values": [{"value": 10.3, "step": null, "ts": 1656757610.377627}]}, "version": 101}
{"obj": {"type": "LogFloats", "path": ["monitoring", "memory"], "values": [{"value": 11.274368286132812, "step": null, "ts": 1656757610.377627}]}, "version": 102}
{"obj": {"type": "LogFloats", "path": ["monitoring", "cpu"], "values": [{"value": 12.8, "step": null, "ts": 1656757620.378765}]}, "version": 103}
{"obj": {"type": "LogFloats", "path": ["monitoring", "memory"], "values": [{"value": 11.307952880859375, "step": null, "ts": 1656757620.378765}]}, "version": 104}
{"obj": {"type": "LogFloats", "path": ["monitoring", "cpu"], "values": [{"value": 8.2, "step": null, "ts": 1656757630.3845398}]}, "version": 105}
{"obj": {"type": "LogFloats", "path": ["monitoring", "memory"], "values": [{"value": 11.3193359375, "step": null, "ts": 1656757630.3845398}]}, "version": 106}
{"obj": {"type": "LogFloats", "path": ["monitoring", "cpu"], "values": [{"value": 10.6, "step": null, "ts": 1656757640.3870761}]}, "version": 107}
{"obj": {"type": "LogFloats", "path": ["monitoring", "memory"], "values": [{"value": 11.304595947265625, "step": null, "ts": 1656757640.3870761}]}, "version": 108}
{"obj": {"type": "LogFloats", "path": ["monitoring", "cpu"], "values": [{"value": 12.2, "step": null, "ts": 1656757650.390464}]}, "version": 109}
{"obj": {"type": "LogFloats", "path": ["monitoring", "memory"], "values": [{"value": 11.313705444335938, "step": null, "ts": 1656757650.390464}]}, "version": 110}
{"obj": {"type": "LogFloats", "path": ["monitoring", "cpu"], "values": [{"value": 10.4, "step": null, "ts": 1656757660.395518}]}, "version": 111}
{"obj": {"type": "LogFloats", "path": ["monitoring", "memory"], "values": [{"value": 11.293960571289062, "step": null, "ts": 1656757660.395518}]}, "version": 112}
{"obj": {"type": "LogFloats", "path": ["monitoring", "cpu"], "values": [{"value": 8.1, "step": null, "ts": 1656757670.400435}]}, "version": 113}
{"obj": {"type": "LogFloats", "path": ["monitoring", "memory"], "values": [{"value": 11.299224853515625, "step": null, "ts": 1656757670.400435}]}, "version": 114}
{"obj": {"type": "LogFloats", "path": ["monitoring", "cpu"], "values": [{"value": 11.0, "step": null, "ts": 1656757680.403181}]}, "version": 115}
{"obj": {"type": "LogFloats", "path": ["monitoring", "memory"], "values": [{"value": 11.252853393554688, "step": null, "ts": 1656757680.403181}]}, "version": 116}
{"obj": {"type": "LogFloats", "path": ["monitoring", "cpu"], "values": [{"value": 12.9, "step": null, "ts": 1656757690.407727}]}, "version": 117}
{"obj": {"type": "LogFloats", "path": ["monitoring", "memory"], "values": [{"value": 11.349945068359375, "step": null, "ts": 1656757690.407727}]}, "version": 118}
{"obj": {"type": "LogFloats", "path": ["monitoring", "cpu"], "values": [{"value": 10.8, "step": null, "ts": 1656757700.4113019}]}, "version": 119}
{"obj": {"type": "LogFloats", "path": ["monitoring", "memory"], "values": [{"value": 11.299118041992188, "step": null, "ts": 1656757700.4113019}]}, "version": 120}
{"obj": {"type": "LogFloats", "path": ["monitoring", "cpu"], "values": [{"value": 12.3, "step": null, "ts": 1656757710.419772}]}, "version": 121}
{"obj": {"type": "LogFloats", "path": ["monitoring", "memory"], "values": [{"value": 11.322219848632812, "step": null, "ts": 1656757710.419772}]}, "version": 122}
{"obj": {"type": "LogStrings", "path": ["monitoring", "stdout"], "values": [{"value": "Epoch:", "step": null, "ts": 1656757711.5240939}]}, "version": 123}
{"obj": {"type": "LogStrings", "path": ["monitoring", "stdout"], "values": [{"value": " ", "step": null, "ts": 1656757711.524966}]}, "version": 124}
{"obj": {"type": "LogStrings", "path": ["monitoring", "stdout"], "values": [{"value": "1", "step": null, "ts": 1656757711.52528}]}, "version": 125}
{"obj": {"type": "LogStrings", "path": ["monitoring", "stdout"], "values": [{"value": "\n", "step": null, "ts": 1656757711.525394}]}, "version": 126}
{"obj": {"type": "LogStrings", "path": ["monitoring", "stderr"], "values": [{"value": "\rTraining:   0%|                                                                                | 0/1000 [00:00<?, ?it/s]", "step": null, "ts": 1656757711.5265589}]}, "version": 127}
{"obj": {"type": "LogStrings", "path": ["monitoring", "stderr"], "values": [{"value": "", "step": null, "ts": 1656757711.553896}]}, "version": 128}
{"obj": {"type": "LogStrings", "path": ["monitoring", "stderr"], "values": [{"value": "\rTraining:   0%|                                                                                | 0/1000 [00:00<?, ?it/s]", "step": null, "ts": 1656757711.554337}]}, "version": 129}
{"obj": {"type": "LogStrings", "path": ["monitoring", "stderr"], "values": [{"value": "\n", "step": null, "ts": 1656757711.554924}]}, "version": 130}
{"obj": {"type": "LogFloats", "path": ["monitoring", "cpu"], "values": [{"value": 11.0, "step": null, "ts": 1656757720.4473019}]}, "version": 131}
{"obj": {"type": "LogFloats", "path": ["monitoring", "memory"], "values": [{"value": 11.269729614257812, "step": null, "ts": 1656757720.4473019}]}, "version": 132}
{"obj": {"type": "LogFloats", "path": ["monitoring", "cpu"], "values": [{"value": 9.7, "step": null, "ts": 1656757730.460804}]}, "version": 133}
{"obj": {"type": "LogFloats", "path": ["monitoring", "memory"], "values": [{"value": 11.237747192382812, "step": null, "ts": 1656757730.460804}]}, "version": 134}
{"obj": {"type": "LogFloats", "path": ["monitoring", "cpu"], "values": [{"value": 10.6, "step": null, "ts": 1656757740.473047}]}, "version": 135}
{"obj": {"type": "LogFloats", "path": ["monitoring", "memory"], "values": [{"value": 11.315200805664062, "step": null, "ts": 1656757740.473047}]}, "version": 136}
{"obj": {"type": "LogFloats", "path": ["monitoring", "cpu"], "values": [{"value": 14.4, "step": null, "ts": 1656757750.482753}]}, "version": 137}
{"obj": {"type": "LogFloats", "path": ["monitoring", "memory"], "values": [{"value": 11.268722534179688, "step": null, "ts": 1656757750.482753}]}, "version": 138}
{"obj": {"type": "LogFloats", "path": ["monitoring", "cpu"], "values": [{"value": 25.5, "step": null, "ts": 1656757760.490466}]}, "version": 139}
{"obj": {"type": "LogFloats", "path": ["monitoring", "memory"], "values": [{"value": 11.65008544921875, "step": null, "ts": 1656757760.490466}]}, "version": 140}
{"obj": {"type": "LogFloats", "path": ["monitoring", "cpu"], "values": [{"value": 13.3, "step": null, "ts": 1656757770.4946089}]}, "version": 141}
{"obj": {"type": "LogFloats", "path": ["monitoring", "memory"], "values": [{"value": 11.628067016601562, "step": null, "ts": 1656757770.4946089}]}, "version": 142}
{"obj": {"type": "LogFloats", "path": ["monitoring", "cpu"], "values": [{"value": 12.0, "step": null, "ts": 1656757780.495765}]}, "version": 143}
{"obj": {"type": "LogFloats", "path": ["monitoring", "memory"], "values": [{"value": 11.594314575195312, "step": null, "ts": 1656757780.495765}]}, "version": 144}
{"obj": {"type": "LogFloats", "path": ["monitoring", "cpu"], "values": [{"value": 20.6, "step": null, "ts": 1656757790.501848}]}, "version": 145}
{"obj": {"type": "LogFloats", "path": ["monitoring", "memory"], "values": [{"value": 11.614227294921875, "step": null, "ts": 1656757790.501848}]}, "version": 146}
{"obj": {"type": "LogFloats", "path": ["monitoring", "cpu"], "values": [{"value": 9.1, "step": null, "ts": 1656757800.508055}]}, "version": 147}
{"obj": {"type": "LogFloats", "path": ["monitoring", "memory"], "values": [{"value": 11.602218627929688, "step": null, "ts": 1656757800.508055}]}, "version": 148}
{"obj": {"type": "LogFloats", "path": ["monitoring", "cpu"], "values": [{"value": 14.4, "step": null, "ts": 1656757810.514142}]}, "version": 149}
{"obj": {"type": "LogFloats", "path": ["monitoring", "memory"], "values": [{"value": 11.64141845703125, "step": null, "ts": 1656757810.514142}]}, "version": 150}
{"obj": {"type": "LogFloats", "path": ["monitoring", "cpu"], "values": [{"value": 12.9, "step": null, "ts": 1656757820.518301}]}, "version": 151}
{"obj": {"type": "LogFloats", "path": ["monitoring", "memory"], "values": [{"value": 11.617538452148438, "step": null, "ts": 1656757820.518301}]}, "version": 152}
