{"obj": {"type": "AssignString", "path": ["sys", "name"], "value": "Untitled"}, "version": 1}
{"obj": {"type": "AssignString", "path": ["sys", "description"], "value": ""}, "version": 2}
{"obj": {"type": "AssignString", "path": ["sys", "hostname"], "value": "Nileshs-MacBook-Air.local"}, "version": 3}
{"obj": {"type": "AssignBool", "path": ["sys", "failed"], "value": false}, "version": 4}
{"obj": {"type": "ClearStringLog", "path": ["monitoring", "stdout"]}, "version": 5}
{"obj": {"type": "ClearStringLog", "path": ["monitoring", "stderr"]}, "version": 6}
{"obj": {"type": "AssignString", "path": ["source_code", "entrypoint"], "value": "train.py"}, "version": 7}
{"obj": {"type": "UploadFileSet", "path": ["source_code", "files"], "file_globs": ["/Users/nielspace/Documents/Deep Learning/ViT/source/train.py"], "reset": "False"}, "version": 8}
{"obj": {"type": "LogStrings", "path": ["monitoring", "stderr"], "values": [{"value": "Info (NVML): NVML Shared Library Not Found. GPU usage metrics may not be reported. For more information, see https://docs.neptune.ai/you-should-know/what-can-you-log-and-display#hardware-consumption\n", "step": null, "ts": 1656758469.644114}]}, "version": 9}
{"obj": {"type": "ConfigFloatSeries", "path": ["monitoring", "cpu"], "min": 0.0, "max": 100.0, "unit": "%"}, "version": 10}
{"obj": {"type": "ClearFloatLog", "path": ["monitoring", "cpu"]}, "version": 11}
{"obj": {"type": "ConfigFloatSeries", "path": ["monitoring", "memory"], "min": 0.0, "max": 16.0, "unit": "GB"}, "version": 12}
{"obj": {"type": "ClearFloatLog", "path": ["monitoring", "memory"]}, "version": 13}
{"obj": {"type": "LogFloats", "path": ["monitoring", "cpu"], "values": [{"value": 11.3, "step": null, "ts": 1656758469.645035}]}, "version": 14}
{"obj": {"type": "LogFloats", "path": ["monitoring", "memory"], "values": [{"value": 12.178787231445312, "step": null, "ts": 1656758469.645035}]}, "version": 15}
{"obj": {"type": "AssignInt", "path": ["parameters", "IMG_SIZE"], "value": 100}, "version": 16}
{"obj": {"type": "AssignInt", "path": ["parameters", "PATCH_SIZE"], "value": 10}, "version": 17}
{"obj": {"type": "AssignInt", "path": ["parameters", "CROP_SIZE"], "value": 100}, "version": 18}
{"obj": {"type": "AssignInt", "path": ["parameters", "BATCH_SIZE"], "value": 1}, "version": 19}
{"obj": {"type": "AssignInt", "path": ["parameters", "N_SAMPLES"], "value": 400}, "version": 20}
{"obj": {"type": "AssignInt", "path": ["parameters", "N_TRAIN"], "value": 400}, "version": 21}
{"obj": {"type": "AssignInt", "path": ["parameters", "N_VAL"], "value": 400}, "version": 22}
{"obj": {"type": "AssignInt", "path": ["parameters", "N_TEST"], "value": 400}, "version": 23}
{"obj": {"type": "AssignFloat", "path": ["parameters", "LR"], "value": 0.003}, "version": 24}
{"obj": {"type": "AssignString", "path": ["parameters", "OPIMIZER"], "value": "Adam"}, "version": 25}
{"obj": {"type": "AssignInt", "path": ["parameters", "N_CLASSES"], "value": 400}, "version": 26}
{"obj": {"type": "AssignInt", "path": ["parameters", "N_CHANNELS"], "value": 3}, "version": 27}
{"obj": {"type": "AssignInt", "path": ["parameters", "N_DIM"], "value": 64}, "version": 28}
{"obj": {"type": "AssignInt", "path": ["parameters", "DEPTH"], "value": 400}, "version": 29}
{"obj": {"type": "AssignInt", "path": ["parameters", "HEADS"], "value": 8}, "version": 30}
{"obj": {"type": "AssignInt", "path": ["parameters", "MPL_DIM"], "value": 128}, "version": 31}
{"obj": {"type": "AssignString", "path": ["parameters", "OUTPUT"], "value": "softmax"}, "version": 32}
{"obj": {"type": "AssignString", "path": ["parameters", "LOSS_FN"], "value": "nll_loss"}, "version": 33}
{"obj": {"type": "AssignString", "path": ["parameters", "DEVICE"], "value": "['cpu', 'mps', 'cuda']"}, "version": 34}
{"obj": {"type": "AssignInt", "path": ["parameters", "N_EPOCHS"], "value": 100}, "version": 35}
{"obj": {"type": "AssignString", "path": ["parameters", "TRAIN_LOSS_HISTORY"], "value": "[]"}, "version": 36}
{"obj": {"type": "AssignString", "path": ["parameters", "VAL_LOSS_HISTORY"], "value": "[]"}, "version": 37}
{"obj": {"type": "LogStrings", "path": ["monitoring", "stdout"], "values": [{"value": "Epoch:", "step": null, "ts": 1656758469.647969}]}, "version": 38}
{"obj": {"type": "LogStrings", "path": ["monitoring", "stdout"], "values": [{"value": " ", "step": null, "ts": 1656758469.648003}]}, "version": 39}
{"obj": {"type": "LogStrings", "path": ["monitoring", "stdout"], "values": [{"value": "1", "step": null, "ts": 1656758469.648032}]}, "version": 40}
{"obj": {"type": "LogStrings", "path": ["monitoring", "stdout"], "values": [{"value": "\n", "step": null, "ts": 1656758469.648064}]}, "version": 41}
{"obj": {"type": "LogStrings", "path": ["monitoring", "stderr"], "values": [{"value": "\rTraining:   0%|                                                                               | 0/58388 [00:00<?, ?it/s]", "step": null, "ts": 1656758469.653543}]}, "version": 42}
{"obj": {"type": "LogFloats", "path": ["Training_loss"], "values": [{"value": 7.2501301765441895, "step": null, "ts": 1656758470.389459}]}, "version": 43}
{"obj": {"type": "LogStrings", "path": ["monitoring", "stderr"], "values": [{"value": "", "step": null, "ts": 1656758470.389618}]}, "version": 44}
{"obj": {"type": "LogStrings", "path": ["monitoring", "stderr"], "values": [{"value": "\rTraining:   0%|                                                                               | 0/58388 [00:00<?, ?it/s]", "step": null, "ts": 1656758470.3897479}]}, "version": 45}
{"obj": {"type": "LogStrings", "path": ["monitoring", "stderr"], "values": [{"value": "\n", "step": null, "ts": 1656758470.3897889}]}, "version": 46}
{"obj": {"type": "LogStrings", "path": ["monitoring", "traceback"], "values": [{"value": "An uncaught exception occurred while run was active on worker Nileshs-MacBook-Air.local.", "step": null, "ts": 1656758470.390249}, {"value": "Marking run as failed", "step": null, "ts": 1656758470.390249}, {"value": "Traceback:", "step": null, "ts": 1656758470.390249}, {"value": "  File \"source/train.py\", line 150, in <module>\n    train_Engine(n_epochs=N_EPOCHS,\n", "step": null, "ts": 1656758470.390249}, {"value": "  File \"source/train.py\", line 109, in train_Engine\n    run['Training_acc'].log(accuracy.item())\n", "step": null, "ts": 1656758470.390249}, {"value": "'float' object has no attribute 'item'", "step": null, "ts": 1656758470.390249}]}, "version": 47}
{"obj": {"type": "AssignBool", "path": ["sys", "failed"], "value": true}, "version": 48}
{"obj": {"type": "LogStrings", "path": ["monitoring", "stderr"], "values": [{"value": "Traceback (most recent call last):\n", "step": null, "ts": 1656758470.390336}]}, "version": 49}
{"obj": {"type": "LogStrings", "path": ["monitoring", "stderr"], "values": [{"value": "  File \"source/train.py\", line 150, in <module>\n", "step": null, "ts": 1656758470.390368}]}, "version": 50}
{"obj": {"type": "LogStrings", "path": ["monitoring", "stderr"], "values": [{"value": "    ", "step": null, "ts": 1656758470.39049}]}, "version": 51}
{"obj": {"type": "LogStrings", "path": ["monitoring", "stderr"], "values": [{"value": "train_Engine(n_epochs=N_EPOCHS,", "step": null, "ts": 1656758470.390516}]}, "version": 52}
{"obj": {"type": "LogStrings", "path": ["monitoring", "stderr"], "values": [{"value": "\n", "step": null, "ts": 1656758470.3905432}]}, "version": 53}
{"obj": {"type": "LogStrings", "path": ["monitoring", "stderr"], "values": [{"value": "  File \"source/train.py\", line 109, in train_Engine\n", "step": null, "ts": 1656758470.390569}]}, "version": 54}
{"obj": {"type": "LogStrings", "path": ["monitoring", "stderr"], "values": [{"value": "    ", "step": null, "ts": 1656758470.390632}]}, "version": 55}
{"obj": {"type": "LogStrings", "path": ["monitoring", "stderr"], "values": [{"value": "run['Training_acc'].log(accuracy.item())", "step": null, "ts": 1656758470.390657}]}, "version": 56}
{"obj": {"type": "LogStrings", "path": ["monitoring", "stderr"], "values": [{"value": "\n", "step": null, "ts": 1656758470.3906848}]}, "version": 57}
{"obj": {"type": "LogStrings", "path": ["monitoring", "stderr"], "values": [{"value": "AttributeError", "step": null, "ts": 1656758470.390712}]}, "version": 58}
{"obj": {"type": "LogStrings", "path": ["monitoring", "stderr"], "values": [{"value": ": ", "step": null, "ts": 1656758470.3907359}]}, "version": 59}
{"obj": {"type": "LogStrings", "path": ["monitoring", "stderr"], "values": [{"value": "'float' object has no attribute 'item'", "step": null, "ts": 1656758470.390761}]}, "version": 60}
{"obj": {"type": "LogStrings", "path": ["monitoring", "stderr"], "values": [{"value": "\n", "step": null, "ts": 1656758470.3907871}]}, "version": 61}
{"obj": {"type": "LogStrings", "path": ["monitoring", "stdout"], "values": [{"value": "Shutting down background jobs, please wait a moment...\n", "step": null, "ts": 1656758470.390929}]}, "version": 62}
