{"obj": {"type": "AssignString", "path": ["sys", "name"], "value": "Untitled"}, "version": 1}
{"obj": {"type": "AssignString", "path": ["sys", "description"], "value": ""}, "version": 2}
{"obj": {"type": "AssignString", "path": ["sys", "hostname"], "value": "Nileshs-MacBook-Air.local"}, "version": 3}
{"obj": {"type": "AssignBool", "path": ["sys", "failed"], "value": false}, "version": 4}
{"obj": {"type": "ClearStringLog", "path": ["monitoring", "stdout"]}, "version": 5}
{"obj": {"type": "ClearStringLog", "path": ["monitoring", "stderr"]}, "version": 6}
{"obj": {"type": "LogStrings", "path": ["monitoring", "stderr"], "values": [{"value": "Info (NVML): NVML Shared Library Not Found. GPU usage metrics may not be reported. For more information, see https://docs.neptune.ai/you-should-know/what-can-you-log-and-display#hardware-consumption\n", "step": null, "ts": 1656573981.766644}]}, "version": 7}
{"obj": {"type": "ConfigFloatSeries", "path": ["monitoring", "cpu"], "min": 0.0, "max": 100.0, "unit": "%"}, "version": 8}
{"obj": {"type": "ClearFloatLog", "path": ["monitoring", "cpu"]}, "version": 9}
{"obj": {"type": "ConfigFloatSeries", "path": ["monitoring", "memory"], "min": 0.0, "max": 16.0, "unit": "GB"}, "version": 10}
{"obj": {"type": "ClearFloatLog", "path": ["monitoring", "memory"]}, "version": 11}
{"obj": {"type": "LogFloats", "path": ["monitoring", "cpu"], "values": [{"value": 12.0, "step": null, "ts": 1656573981.769393}]}, "version": 12}
{"obj": {"type": "LogFloats", "path": ["monitoring", "memory"], "values": [{"value": 11.751388549804688, "step": null, "ts": 1656573981.769393}]}, "version": 13}
{"obj": {"type": "LogStrings", "path": ["monitoring", "stdout"], "values": [{"value": "Remember to stop your run once you\u2019ve finished logging your metadata (https://docs.neptune.ai/api-reference/run#.stop). It will be stopped automatically only when the notebook kernel/interactive console is terminated.\n", "step": null, "ts": 1656573981.7714949}]}, "version": 14}
{"obj": {"type": "AssignFloat", "path": ["parameters", "learning_rate"], "value": 0.001}, "version": 15}
{"obj": {"type": "AssignString", "path": ["parameters", "optimizer"], "value": "Adam"}, "version": 16}
{"obj": {"type": "LogFloats", "path": ["train", "loss"], "values": [{"value": 1.0, "step": null, "ts": 1656573981.7732549}]}, "version": 17}
{"obj": {"type": "LogFloats", "path": ["train", "loss"], "values": [{"value": 0.9, "step": null, "ts": 1656573981.773813}]}, "version": 18}
{"obj": {"type": "LogFloats", "path": ["train", "loss"], "values": [{"value": 0.81, "step": null, "ts": 1656573981.7738829}]}, "version": 19}
{"obj": {"type": "LogFloats", "path": ["train", "loss"], "values": [{"value": 0.7290000000000001, "step": null, "ts": 1656573981.774063}]}, "version": 20}
{"obj": {"type": "LogFloats", "path": ["train", "loss"], "values": [{"value": 0.6561, "step": null, "ts": 1656573981.774112}]}, "version": 21}
{"obj": {"type": "LogFloats", "path": ["train", "loss"], "values": [{"value": 0.5904900000000001, "step": null, "ts": 1656573981.774267}]}, "version": 22}
{"obj": {"type": "LogFloats", "path": ["train", "loss"], "values": [{"value": 0.531441, "step": null, "ts": 1656573981.774324}]}, "version": 23}
{"obj": {"type": "LogFloats", "path": ["train", "loss"], "values": [{"value": 0.4782969000000001, "step": null, "ts": 1656573981.77442}]}, "version": 24}
{"obj": {"type": "LogFloats", "path": ["train", "loss"], "values": [{"value": 0.4304672100000001, "step": null, "ts": 1656573981.77449}]}, "version": 25}
{"obj": {"type": "LogFloats", "path": ["train", "loss"], "values": [{"value": 0.3874204890000001, "step": null, "ts": 1656573981.774533}]}, "version": 26}
{"obj": {"type": "AssignFloat", "path": ["eval", "f1_score"], "value": 0.66}, "version": 27}
{"obj": {"type": "LogStrings", "path": ["monitoring", "stdout"], "values": [{"value": "Shutting down background jobs, please wait a moment...\n", "step": null, "ts": 1656573981.774852}]}, "version": 28}
